<?xml version="1.0" encoding="UTF-8"?>
<robot generator="Robot 6.0.2 (Python 3.7.1 on win32)" generated="20230523 15:53:45.809" rpa="false" schemaversion="3">
<suite id="s1" name="Projet-Trello" source="C:\Users\DACIA LOGAN\Documents\VVVVVVVVVVVVVVVVVVV\GitHub\projet-entreprise\projet-trello.robot">
<test id="s1-t1" name="Scenario 01 - Connexion KO" line="10">
<kw name="Browser Setup" library="keywords">
<kw name="Open Browser" library="SeleniumLibrary">
<arg>https://trello.com/</arg>
<arg>chrome</arg>
<doc>Opens a new browser instance to the optional ``url``.</doc>
<msg timestamp="20230523 15:53:45.978" level="INFO">Opening browser 'chrome' to base url 'https://trello.com/'.</msg>
<msg timestamp="20230523 15:53:45.987" level="INFO">Applicable driver not found; attempting to install with Selenium Manager (Beta)</msg>
<status status="PASS" starttime="20230523 15:53:45.978" endtime="20230523 15:53:48.098"/>
</kw>
<kw name="Maximize Browser Window" library="SeleniumLibrary">
<doc>Maximizes current browser window.</doc>
<status status="PASS" starttime="20230523 15:53:48.098" endtime="20230523 15:53:48.220"/>
</kw>
<status status="PASS" starttime="20230523 15:53:45.977" endtime="20230523 15:53:48.220"/>
</kw>
<kw name="Click Element" library="SeleniumLibrary">
<arg>data:uuid:MJFtCCgVhXrVl7v9HA7EH_login</arg>
<doc>Click the element identified by ``locator``.</doc>
<msg timestamp="20230523 15:53:48.221" level="INFO">Clicking element 'data:uuid:MJFtCCgVhXrVl7v9HA7EH_login'.</msg>
<status status="PASS" starttime="20230523 15:53:48.221" endtime="20230523 15:53:49.065"/>
</kw>
<kw name="Input Text" library="SeleniumLibrary">
<arg>id:user</arg>
<arg>skullyshepard@gmmail.com</arg>
<doc>Types the given ``text`` into the text field identified by ``locator``.</doc>
<msg timestamp="20230523 15:53:49.066" level="INFO">Typing text 'skullyshepard@gmmail.com' into text field 'id:user'.</msg>
<status status="PASS" starttime="20230523 15:53:49.065" endtime="20230523 15:53:49.178"/>
</kw>
<kw name="Click Button" library="SeleniumLibrary">
<arg>id:login</arg>
<doc>Clicks the button identified by ``locator``.</doc>
<msg timestamp="20230523 15:53:49.179" level="INFO">Clicking button 'id:login'.</msg>
<status status="PASS" starttime="20230523 15:53:49.179" endtime="20230523 15:53:49.252"/>
</kw>
<kw name="Sleep" library="BuiltIn">
<arg>2</arg>
<doc>Pauses the test executed for the given time.</doc>
<msg timestamp="20230523 15:53:51.265" level="INFO">Slept 2 seconds</msg>
<status status="PASS" starttime="20230523 15:53:49.253" endtime="20230523 15:53:51.265"/>
</kw>
<kw name="Input Password" library="SeleniumLibrary">
<arg>id:password</arg>
<arg>${password}</arg>
<doc>Types the given password into the text field identified by ``locator``.</doc>
<msg timestamp="20230523 15:53:51.266" level="INFO">Typing password into text field 'id:password'.</msg>
<msg timestamp="20230523 15:53:51.291" level="INFO">Temporally setting log level to: NONE</msg>
<msg timestamp="20230523 15:53:51.340" level="INFO">Log level changed from NONE to INFO.</msg>
<status status="PASS" starttime="20230523 15:53:51.265" endtime="20230523 15:53:51.340"/>
</kw>
<kw name="Click Button" library="SeleniumLibrary">
<arg>id:login</arg>
<doc>Clicks the button identified by ``locator``.</doc>
<msg timestamp="20230523 15:53:51.342" level="INFO">Clicking button 'id:login'.</msg>
<status status="PASS" starttime="20230523 15:53:51.341" endtime="20230523 15:53:51.389"/>
</kw>
<kw name="Sleep" library="BuiltIn">
<arg>2</arg>
<doc>Pauses the test executed for the given time.</doc>
<msg timestamp="20230523 15:53:53.403" level="INFO">Slept 2 seconds</msg>
<status status="PASS" starttime="20230523 15:53:51.390" endtime="20230523 15:53:53.403"/>
</kw>
<kw name="Element Should Be Visible" library="SeleniumLibrary">
<arg>id:error</arg>
<doc>Verifies that the element identified by ``locator`` is visible.</doc>
<msg timestamp="20230523 15:53:53.423" level="INFO">Element 'id:error' is displayed.</msg>
<status status="PASS" starttime="20230523 15:53:53.404" endtime="20230523 15:53:53.423"/>
</kw>
<kw name="Element Should Contain" library="SeleniumLibrary">
<arg>class:quick-switch</arg>
<arg>Il n'y a pas de compte</arg>
<doc>Verifies that element ``locator`` contains text ``expected``.</doc>
<msg timestamp="20230523 15:53:53.448" level="INFO">Element 'class:quick-switch' contains text 'Il n'y a pas de compte'.</msg>
<status status="PASS" starttime="20230523 15:53:53.424" endtime="20230523 15:53:53.448"/>
</kw>
<status status="PASS" starttime="20230523 15:53:45.976" endtime="20230523 15:53:53.448"/>
</test>
<test id="s1-t2" name="Scenario 02 - Connexion OK" line="22">
<kw name="Browser Setup" library="keywords">
<kw name="Open Browser" library="SeleniumLibrary">
<arg>https://trello.com/</arg>
<arg>chrome</arg>
<doc>Opens a new browser instance to the optional ``url``.</doc>
<msg timestamp="20230523 15:53:53.450" level="INFO">Opening browser 'chrome' to base url 'https://trello.com/'.</msg>
<msg timestamp="20230523 15:53:53.459" level="INFO">Applicable driver not found; attempting to install with Selenium Manager (Beta)</msg>
<status status="PASS" starttime="20230523 15:53:53.449" endtime="20230523 15:53:55.376"/>
</kw>
<kw name="Maximize Browser Window" library="SeleniumLibrary">
<doc>Maximizes current browser window.</doc>
<status status="PASS" starttime="20230523 15:53:55.376" endtime="20230523 15:53:55.492"/>
</kw>
<status status="PASS" starttime="20230523 15:53:53.449" endtime="20230523 15:53:55.493"/>
</kw>
<kw name="Connexion" library="keywords">
<arg>${email}</arg>
<arg>${password}</arg>
<kw name="Maximize Browser Window" library="SeleniumLibrary">
<doc>Maximizes current browser window.</doc>
<status status="PASS" starttime="20230523 15:53:55.494" endtime="20230523 15:53:55.497"/>
</kw>
<kw name="Click Element" library="SeleniumLibrary">
<arg>data:uuid:MJFtCCgVhXrVl7v9HA7EH_login</arg>
<doc>Click the element identified by ``locator``.</doc>
<msg timestamp="20230523 15:53:55.498" level="INFO">Clicking element 'data:uuid:MJFtCCgVhXrVl7v9HA7EH_login'.</msg>
<status status="PASS" starttime="20230523 15:53:55.497" endtime="20230523 15:53:56.374"/>
</kw>
<kw name="Input Text" library="SeleniumLibrary">
<arg>id:user</arg>
<arg>${email}</arg>
<doc>Types the given ``text`` into the text field identified by ``locator``.</doc>
<msg timestamp="20230523 15:53:56.374" level="INFO">Typing text 'skullyshepard@gmail.com' into text field 'id:user'.</msg>
<status status="PASS" starttime="20230523 15:53:56.374" endtime="20230523 15:53:56.446"/>
</kw>
<kw name="Click Button" library="SeleniumLibrary">
<arg>id:login</arg>
<doc>Clicks the button identified by ``locator``.</doc>
<msg timestamp="20230523 15:53:56.446" level="INFO">Clicking button 'id:login'.</msg>
<status status="PASS" starttime="20230523 15:53:56.446" endtime="20230523 15:53:56.488"/>
</kw>
<kw name="Sleep" library="BuiltIn">
<arg>2</arg>
<doc>Pauses the test executed for the given time.</doc>
<msg timestamp="20230523 15:53:58.493" level="INFO">Slept 2 seconds</msg>
<status status="PASS" starttime="20230523 15:53:56.488" endtime="20230523 15:53:58.493"/>
</kw>
<kw name="Input Password" library="SeleniumLibrary">
<arg>id:password</arg>
<arg>${password}</arg>
<doc>Types the given password into the text field identified by ``locator``.</doc>
<msg timestamp="20230523 15:53:58.494" level="INFO">Typing password into text field 'id:password'.</msg>
<msg timestamp="20230523 15:53:58.526" level="INFO">Temporally setting log level to: NONE</msg>
<msg timestamp="20230523 15:53:58.580" level="INFO">Log level changed from NONE to INFO.</msg>
<status status="PASS" starttime="20230523 15:53:58.493" endtime="20230523 15:53:58.580"/>
</kw>
<kw name="Click Button" library="SeleniumLibrary">
<arg>id:login-submit</arg>
<doc>Clicks the button identified by ``locator``.</doc>
<msg timestamp="20230523 15:53:58.581" level="INFO">Clicking button 'id:login-submit'.</msg>
<status status="PASS" starttime="20230523 15:53:58.580" endtime="20230523 15:53:58.633"/>
</kw>
<kw name="Wait Until Element Is Visible" library="SeleniumLibrary">
<arg>data:testid:header-member-menu-button</arg>
<doc>Waits until the element ``locator`` is visible.</doc>
<status status="PASS" starttime="20230523 15:53:58.634" endtime="20230523 15:54:01.849"/>
</kw>
<kw name="Location Should Be" library="SeleniumLibrary">
<arg>https://trello.com/u/skullyshepard/boards</arg>
<doc>Verifies that the current URL is exactly ``url``.</doc>
<msg timestamp="20230523 15:54:01.854" level="INFO">Current location is 'https://trello.com/u/skullyshepard/boards'.</msg>
<status status="PASS" starttime="20230523 15:54:01.850" endtime="20230523 15:54:01.854"/>
</kw>
<status status="PASS" starttime="20230523 15:53:55.493" endtime="20230523 15:54:01.854"/>
</kw>
<status status="PASS" starttime="20230523 15:53:53.449" endtime="20230523 15:54:01.854"/>
</test>
<test id="s1-t3" name="Scenario 03 - Create a workspace" line="26">
<kw name="Browser Setup" library="keywords">
<kw name="Open Browser" library="SeleniumLibrary">
<arg>https://trello.com/</arg>
<arg>chrome</arg>
<doc>Opens a new browser instance to the optional ``url``.</doc>
<msg timestamp="20230523 15:54:01.856" level="INFO">Opening browser 'chrome' to base url 'https://trello.com/'.</msg>
<msg timestamp="20230523 15:54:01.864" level="INFO">Applicable driver not found; attempting to install with Selenium Manager (Beta)</msg>
<status status="PASS" starttime="20230523 15:54:01.856" endtime="20230523 15:54:04.717"/>
</kw>
<kw name="Maximize Browser Window" library="SeleniumLibrary">
<doc>Maximizes current browser window.</doc>
<status status="PASS" starttime="20230523 15:54:04.717" endtime="20230523 15:54:04.838"/>
</kw>
<status status="PASS" starttime="20230523 15:54:01.855" endtime="20230523 15:54:04.838"/>
</kw>
<kw name="Connexion" library="keywords">
<arg>${email}</arg>
<arg>${password}</arg>
<kw name="Maximize Browser Window" library="SeleniumLibrary">
<doc>Maximizes current browser window.</doc>
<status status="PASS" starttime="20230523 15:54:04.841" endtime="20230523 15:54:04.845"/>
</kw>
<kw name="Click Element" library="SeleniumLibrary">
<arg>data:uuid:MJFtCCgVhXrVl7v9HA7EH_login</arg>
<doc>Click the element identified by ``locator``.</doc>
<msg timestamp="20230523 15:54:04.846" level="INFO">Clicking element 'data:uuid:MJFtCCgVhXrVl7v9HA7EH_login'.</msg>
<status status="PASS" starttime="20230523 15:54:04.845" endtime="20230523 15:54:06.306"/>
</kw>
<kw name="Input Text" library="SeleniumLibrary">
<arg>id:user</arg>
<arg>${email}</arg>
<doc>Types the given ``text`` into the text field identified by ``locator``.</doc>
<msg timestamp="20230523 15:54:06.308" level="INFO">Typing text 'skullyshepard@gmail.com' into text field 'id:user'.</msg>
<status status="PASS" starttime="20230523 15:54:06.306" endtime="20230523 15:54:06.430"/>
</kw>
<kw name="Click Button" library="SeleniumLibrary">
<arg>id:login</arg>
<doc>Clicks the button identified by ``locator``.</doc>
<msg timestamp="20230523 15:54:06.431" level="INFO">Clicking button 'id:login'.</msg>
<status status="PASS" starttime="20230523 15:54:06.430" endtime="20230523 15:54:06.526"/>
</kw>
<kw name="Sleep" library="BuiltIn">
<arg>2</arg>
<doc>Pauses the test executed for the given time.</doc>
<msg timestamp="20230523 15:54:08.538" level="INFO">Slept 2 seconds</msg>
<status status="PASS" starttime="20230523 15:54:06.526" endtime="20230523 15:54:08.538"/>
</kw>
<kw name="Input Password" library="SeleniumLibrary">
<arg>id:password</arg>
<arg>${password}</arg>
<doc>Types the given password into the text field identified by ``locator``.</doc>
<msg timestamp="20230523 15:54:08.539" level="INFO">Typing password into text field 'id:password'.</msg>
<msg timestamp="20230523 15:54:08.627" level="INFO">Temporally setting log level to: NONE</msg>
<msg timestamp="20230523 15:54:08.705" level="INFO">Log level changed from NONE to INFO.</msg>
<status status="PASS" starttime="20230523 15:54:08.538" endtime="20230523 15:54:08.705"/>
</kw>
<kw name="Click Button" library="SeleniumLibrary">
<arg>id:login-submit</arg>
<doc>Clicks the button identified by ``locator``.</doc>
<msg timestamp="20230523 15:54:08.706" level="INFO">Clicking button 'id:login-submit'.</msg>
<status status="PASS" starttime="20230523 15:54:08.705" endtime="20230523 15:54:08.777"/>
</kw>
<kw name="Wait Until Element Is Visible" library="SeleniumLibrary">
<arg>data:testid:header-member-menu-button</arg>
<doc>Waits until the element ``locator`` is visible.</doc>
<status status="PASS" starttime="20230523 15:54:08.777" endtime="20230523 15:54:12.804"/>
</kw>
<kw name="Location Should Be" library="SeleniumLibrary">
<arg>https://trello.com/u/skullyshepard/boards</arg>
<doc>Verifies that the current URL is exactly ``url``.</doc>
<msg timestamp="20230523 15:54:12.807" level="INFO">Current location is 'https://trello.com/u/skullyshepard/boards'.</msg>
<status status="PASS" starttime="20230523 15:54:12.804" endtime="20230523 15:54:12.807"/>
</kw>
<status status="PASS" starttime="20230523 15:54:04.840" endtime="20230523 15:54:12.807"/>
</kw>
<kw name="Click Button" library="SeleniumLibrary">
<arg>data:testid:header-create-menu-button</arg>
<doc>Clicks the button identified by ``locator``.</doc>
<msg timestamp="20230523 15:54:12.808" level="INFO">Clicking button 'data:testid:header-create-menu-button'.</msg>
<status status="PASS" starttime="20230523 15:54:12.808" endtime="20230523 15:54:12.873"/>
</kw>
<kw name="Wait Until Element Is Visible" library="SeleniumLibrary">
<arg>data:testid:header-create-team-button</arg>
<doc>Waits until the element ``locator`` is visible.</doc>
<status status="PASS" starttime="20230523 15:54:12.874" endtime="20230523 15:54:13.104"/>
</kw>
<kw name="Click Button" library="SeleniumLibrary">
<arg>data:testid:header-create-team-button</arg>
<doc>Clicks the button identified by ``locator``.</doc>
<msg timestamp="20230523 15:54:13.105" level="INFO">Clicking button 'data:testid:header-create-team-button'.</msg>
<status status="PASS" starttime="20230523 15:54:13.104" endtime="20230523 15:54:13.155"/>
</kw>
<kw name="Wait Until Element Is Visible" library="SeleniumLibrary">
<arg>class:yrkIKrxkTvj0rD</arg>
<doc>Waits until the element ``locator`` is visible.</doc>
<status status="PASS" starttime="20230523 15:54:13.155" endtime="20230523 15:54:13.380"/>
</kw>
<kw name="Element Should Contain" library="SeleniumLibrary">
<arg>class:yrkIKrxkTvj0rD</arg>
<arg>Créons un espace de travail</arg>
<doc>Verifies that element ``locator`` contains text ``expected``.</doc>
<msg timestamp="20230523 15:54:13.396" level="INFO">Element 'class:yrkIKrxkTvj0rD' contains text 'Créons un espace de travail'.</msg>
<status status="PASS" starttime="20230523 15:54:13.380" endtime="20230523 15:54:13.397"/>
</kw>
<kw name="Input Text" library="SeleniumLibrary">
<arg>data:testid:header-create-team-name-input</arg>
<arg>Pixel Test</arg>
<doc>Types the given ``text`` into the text field identified by ``locator``.</doc>
<msg timestamp="20230523 15:54:13.398" level="INFO">Typing text 'Pixel Test' into text field 'data:testid:header-create-team-name-input'.</msg>
<status status="PASS" starttime="20230523 15:54:13.397" endtime="20230523 15:54:13.490"/>
</kw>
<kw name="Click Element" library="SeleniumLibrary">
<arg>data:testid:header-create-team-type-input</arg>
<doc>Click the element identified by ``locator``.</doc>
<msg timestamp="20230523 15:54:13.490" level="INFO">Clicking element 'data:testid:header-create-team-type-input'.</msg>
<status status="PASS" starttime="20230523 15:54:13.490" endtime="20230523 15:54:13.541"/>
</kw>
<kw name="Click Element" library="SeleniumLibrary">
<arg>xpath://div[normalize-space()='Ingénierie/informatique']</arg>
<doc>Click the element identified by ``locator``.</doc>
<msg timestamp="20230523 15:54:13.542" level="INFO">Clicking element 'xpath://div[normalize-space()='Ingénierie/informatique']'.</msg>
<status status="PASS" starttime="20230523 15:54:13.542" endtime="20230523 15:54:13.584"/>
</kw>
<kw name="Click Button" library="SeleniumLibrary">
<arg>data:testid:header-create-team-submit-button</arg>
<doc>Clicks the button identified by ``locator``.</doc>
<msg timestamp="20230523 15:54:13.585" level="INFO">Clicking button 'data:testid:header-create-team-submit-button'.</msg>
<status status="PASS" starttime="20230523 15:54:13.584" endtime="20230523 15:54:13.640"/>
</kw>
<kw name="Wait Until Element Is Visible" library="SeleniumLibrary">
<arg>data:testid:add-members-input</arg>
<doc>Waits until the element ``locator`` is visible.</doc>
<status status="PASS" starttime="20230523 15:54:13.640" endtime="20230523 15:54:14.092"/>
</kw>
<kw name="Input Text" library="SeleniumLibrary">
<arg>data:testid:add-members-input</arg>
<arg>lyniebc@gmail.com</arg>
<doc>Types the given ``text`` into the text field identified by ``locator``.</doc>
<msg timestamp="20230523 15:54:14.093" level="INFO">Typing text 'lyniebc@gmail.com' into text field 'data:testid:add-members-input'.</msg>
<status status="PASS" starttime="20230523 15:54:14.093" endtime="20230523 15:54:14.220"/>
</kw>
<kw name="Click Button" library="SeleniumLibrary">
<arg>data:testid:team-invite-submit-button</arg>
<doc>Clicks the button identified by ``locator``.</doc>
<msg timestamp="20230523 15:54:14.221" level="INFO">Clicking button 'data:testid:team-invite-submit-button'.</msg>
<status status="PASS" starttime="20230523 15:54:14.221" endtime="20230523 15:54:14.346"/>
</kw>
<status status="PASS" starttime="20230523 15:54:01.855" endtime="20230523 15:54:14.347"/>
</test>
<test id="s1-t4" name="Scenario 04 - Create a board" line="42">
<kw name="Browser Setup" library="keywords">
<kw name="Open Browser" library="SeleniumLibrary">
<arg>https://trello.com/</arg>
<arg>chrome</arg>
<doc>Opens a new browser instance to the optional ``url``.</doc>
<msg timestamp="20230523 15:54:14.351" level="INFO">Opening browser 'chrome' to base url 'https://trello.com/'.</msg>
<msg timestamp="20230523 15:54:14.365" level="INFO">Applicable driver not found; attempting to install with Selenium Manager (Beta)</msg>
<status status="PASS" starttime="20230523 15:54:14.350" endtime="20230523 15:54:16.897"/>
</kw>
<kw name="Maximize Browser Window" library="SeleniumLibrary">
<doc>Maximizes current browser window.</doc>
<status status="PASS" starttime="20230523 15:54:16.897" endtime="20230523 15:54:17.025"/>
</kw>
<status status="PASS" starttime="20230523 15:54:14.350" endtime="20230523 15:54:17.026"/>
</kw>
<kw name="Connexion" library="keywords">
<arg>${email}</arg>
<arg>${password}</arg>
<kw name="Maximize Browser Window" library="SeleniumLibrary">
<doc>Maximizes current browser window.</doc>
<status status="PASS" starttime="20230523 15:54:17.027" endtime="20230523 15:54:17.037"/>
</kw>
<kw name="Click Element" library="SeleniumLibrary">
<arg>data:uuid:MJFtCCgVhXrVl7v9HA7EH_login</arg>
<doc>Click the element identified by ``locator``.</doc>
<msg timestamp="20230523 15:54:17.038" level="INFO">Clicking element 'data:uuid:MJFtCCgVhXrVl7v9HA7EH_login'.</msg>
<status status="PASS" starttime="20230523 15:54:17.037" endtime="20230523 15:54:21.603"/>
</kw>
<kw name="Input Text" library="SeleniumLibrary">
<arg>id:user</arg>
<arg>${email}</arg>
<doc>Types the given ``text`` into the text field identified by ``locator``.</doc>
<msg timestamp="20230523 15:54:21.605" level="INFO">Typing text 'skullyshepard@gmail.com' into text field 'id:user'.</msg>
<status status="PASS" starttime="20230523 15:54:21.604" endtime="20230523 15:54:21.688"/>
</kw>
<kw name="Click Button" library="SeleniumLibrary">
<arg>id:login</arg>
<doc>Clicks the button identified by ``locator``.</doc>
<msg timestamp="20230523 15:54:21.689" level="INFO">Clicking button 'id:login'.</msg>
<status status="PASS" starttime="20230523 15:54:21.689" endtime="20230523 15:54:21.744"/>
</kw>
<kw name="Sleep" library="BuiltIn">
<arg>2</arg>
<doc>Pauses the test executed for the given time.</doc>
<msg timestamp="20230523 15:54:23.757" level="INFO">Slept 2 seconds</msg>
<status status="PASS" starttime="20230523 15:54:21.744" endtime="20230523 15:54:23.757"/>
</kw>
<kw name="Input Password" library="SeleniumLibrary">
<arg>id:password</arg>
<arg>${password}</arg>
<doc>Types the given password into the text field identified by ``locator``.</doc>
<msg timestamp="20230523 15:54:23.758" level="INFO">Typing password into text field 'id:password'.</msg>
<msg timestamp="20230523 15:54:23.789" level="INFO">Temporally setting log level to: NONE</msg>
<msg timestamp="20230523 15:54:23.852" level="INFO">Log level changed from NONE to INFO.</msg>
<status status="PASS" starttime="20230523 15:54:23.757" endtime="20230523 15:54:23.852"/>
</kw>
<kw name="Click Button" library="SeleniumLibrary">
<arg>id:login-submit</arg>
<doc>Clicks the button identified by ``locator``.</doc>
<msg timestamp="20230523 15:54:23.852" level="INFO">Clicking button 'id:login-submit'.</msg>
<status status="PASS" starttime="20230523 15:54:23.852" endtime="20230523 15:54:23.904"/>
</kw>
<kw name="Wait Until Element Is Visible" library="SeleniumLibrary">
<arg>data:testid:header-member-menu-button</arg>
<doc>Waits until the element ``locator`` is visible.</doc>
<status status="PASS" starttime="20230523 15:54:23.904" endtime="20230523 15:54:27.506"/>
</kw>
<kw name="Location Should Be" library="SeleniumLibrary">
<arg>https://trello.com/u/skullyshepard/boards</arg>
<doc>Verifies that the current URL is exactly ``url``.</doc>
<msg timestamp="20230523 15:54:27.511" level="INFO">Current location is 'https://trello.com/u/skullyshepard/boards'.</msg>
<status status="PASS" starttime="20230523 15:54:27.506" endtime="20230523 15:54:27.511"/>
</kw>
<status status="PASS" starttime="20230523 15:54:17.026" endtime="20230523 15:54:27.511"/>
</kw>
<kw name="Wait Until Element Is Visible" library="SeleniumLibrary">
<arg>data:testid:create-board-tile</arg>
<doc>Waits until the element ``locator`` is visible.</doc>
<status status="PASS" starttime="20230523 15:54:27.511" endtime="20230523 15:54:27.536"/>
</kw>
<kw name="Click Element" library="SeleniumLibrary">
<arg>data:testid:create-board-tile</arg>
<doc>Click the element identified by ``locator``.</doc>
<msg timestamp="20230523 15:54:27.538" level="INFO">Clicking element 'data:testid:create-board-tile'.</msg>
<status status="PASS" starttime="20230523 15:54:27.537" endtime="20230523 15:54:27.606"/>
</kw>
<kw name="Element Should Contain" library="SeleniumLibrary">
<arg>data:testid:create-board-tile</arg>
<arg>Créer un tableau</arg>
<doc>Verifies that element ``locator`` contains text ``expected``.</doc>
<msg timestamp="20230523 15:54:27.634" level="INFO">Element 'data:testid:create-board-tile' contains text 'Créer un tableau'.</msg>
<status status="PASS" starttime="20230523 15:54:27.606" endtime="20230523 15:54:27.634"/>
</kw>
<kw name="Input Text" library="SeleniumLibrary">
<arg>class:nch-textfield__input</arg>
<arg>To do list</arg>
<doc>Types the given ``text`` into the text field identified by ``locator``.</doc>
<msg timestamp="20230523 15:54:27.635" level="INFO">Typing text 'To do list' into text field 'class:nch-textfield__input'.</msg>
<status status="PASS" starttime="20230523 15:54:27.635" endtime="20230523 15:54:27.839"/>
</kw>
<kw name="Sleep" library="BuiltIn">
<arg>2</arg>
<doc>Pauses the test executed for the given time.</doc>
<msg timestamp="20230523 15:54:29.853" level="INFO">Slept 2 seconds</msg>
<status status="PASS" starttime="20230523 15:54:27.840" endtime="20230523 15:54:29.853"/>
</kw>
<kw name="Click Button" library="SeleniumLibrary">
<arg>data:testid:create-board-submit-button</arg>
<doc>Clicks the button identified by ``locator``.</doc>
<msg timestamp="20230523 15:54:29.854" level="INFO">Clicking button 'data:testid:create-board-submit-button'.</msg>
<status status="PASS" starttime="20230523 15:54:29.853" endtime="20230523 15:54:29.910"/>
</kw>
<kw name="Wait Until Element Is Visible" library="SeleniumLibrary">
<arg>id:board</arg>
<doc>Waits until the element ``locator`` is visible.</doc>
<status status="PASS" starttime="20230523 15:54:29.910" endtime="20230523 15:54:32.158"/>
</kw>
<kw name="Sleep" library="BuiltIn">
<arg>3</arg>
<doc>Pauses the test executed for the given time.</doc>
<msg timestamp="20230523 15:54:35.173" level="INFO">Slept 3 seconds</msg>
<status status="PASS" starttime="20230523 15:54:32.159" endtime="20230523 15:54:35.173"/>
</kw>
<status status="PASS" starttime="20230523 15:54:14.349" endtime="20230523 15:54:35.174"/>
</test>
<test id="s1-t5" name="Scenario 05 - Add lists" line="69">
<kw name="Browser Setup" library="keywords">
<kw name="Open Browser" library="SeleniumLibrary">
<arg>https://trello.com/</arg>
<arg>chrome</arg>
<doc>Opens a new browser instance to the optional ``url``.</doc>
<msg timestamp="20230523 15:54:35.178" level="INFO">Opening browser 'chrome' to base url 'https://trello.com/'.</msg>
<msg timestamp="20230523 15:54:35.190" level="INFO">Applicable driver not found; attempting to install with Selenium Manager (Beta)</msg>
<status status="PASS" starttime="20230523 15:54:35.177" endtime="20230523 15:54:40.432"/>
</kw>
<kw name="Maximize Browser Window" library="SeleniumLibrary">
<doc>Maximizes current browser window.</doc>
<status status="PASS" starttime="20230523 15:54:40.432" endtime="20230523 15:54:40.558"/>
</kw>
<status status="PASS" starttime="20230523 15:54:35.176" endtime="20230523 15:54:40.559"/>
</kw>
<kw name="Connexion" library="keywords">
<arg>${email}</arg>
<arg>${password}</arg>
<kw name="Maximize Browser Window" library="SeleniumLibrary">
<doc>Maximizes current browser window.</doc>
<status status="PASS" starttime="20230523 15:54:40.560" endtime="20230523 15:54:40.563"/>
</kw>
<kw name="Click Element" library="SeleniumLibrary">
<arg>data:uuid:MJFtCCgVhXrVl7v9HA7EH_login</arg>
<doc>Click the element identified by ``locator``.</doc>
<msg timestamp="20230523 15:54:40.565" level="INFO">Clicking element 'data:uuid:MJFtCCgVhXrVl7v9HA7EH_login'.</msg>
<status status="PASS" starttime="20230523 15:54:40.564" endtime="20230523 15:54:42.225"/>
</kw>
<kw name="Input Text" library="SeleniumLibrary">
<arg>id:user</arg>
<arg>${email}</arg>
<doc>Types the given ``text`` into the text field identified by ``locator``.</doc>
<msg timestamp="20230523 15:54:42.226" level="INFO">Typing text 'skullyshepard@gmail.com' into text field 'id:user'.</msg>
<status status="PASS" starttime="20230523 15:54:42.225" endtime="20230523 15:54:42.306"/>
</kw>
<kw name="Click Button" library="SeleniumLibrary">
<arg>id:login</arg>
<doc>Clicks the button identified by ``locator``.</doc>
<msg timestamp="20230523 15:54:42.307" level="INFO">Clicking button 'id:login'.</msg>
<status status="PASS" starttime="20230523 15:54:42.306" endtime="20230523 15:54:42.357"/>
</kw>
<kw name="Sleep" library="BuiltIn">
<arg>2</arg>
<doc>Pauses the test executed for the given time.</doc>
<msg timestamp="20230523 15:54:44.367" level="INFO">Slept 2 seconds</msg>
<status status="PASS" starttime="20230523 15:54:42.358" endtime="20230523 15:54:44.368"/>
</kw>
<kw name="Input Password" library="SeleniumLibrary">
<arg>id:password</arg>
<arg>${password}</arg>
<doc>Types the given password into the text field identified by ``locator``.</doc>
<msg timestamp="20230523 15:54:44.369" level="INFO">Typing password into text field 'id:password'.</msg>
<msg timestamp="20230523 15:54:44.701" level="INFO">Temporally setting log level to: NONE</msg>
<msg timestamp="20230523 15:54:44.839" level="INFO">Log level changed from NONE to INFO.</msg>
<status status="PASS" starttime="20230523 15:54:44.368" endtime="20230523 15:54:44.839"/>
</kw>
<kw name="Click Button" library="SeleniumLibrary">
<arg>id:login-submit</arg>
<doc>Clicks the button identified by ``locator``.</doc>
<msg timestamp="20230523 15:54:44.840" level="INFO">Clicking button 'id:login-submit'.</msg>
<status status="PASS" starttime="20230523 15:54:44.840" endtime="20230523 15:54:44.953"/>
</kw>
<kw name="Wait Until Element Is Visible" library="SeleniumLibrary">
<arg>data:testid:header-member-menu-button</arg>
<doc>Waits until the element ``locator`` is visible.</doc>
<status status="PASS" starttime="20230523 15:54:44.953" endtime="20230523 15:54:49.228"/>
</kw>
<kw name="Location Should Be" library="SeleniumLibrary">
<arg>https://trello.com/u/skullyshepard/boards</arg>
<doc>Verifies that the current URL is exactly ``url``.</doc>
<msg timestamp="20230523 15:54:49.234" level="INFO">Current location is 'https://trello.com/u/skullyshepard/boards'.</msg>
<status status="PASS" starttime="20230523 15:54:49.229" endtime="20230523 15:54:49.234"/>
</kw>
<status status="PASS" starttime="20230523 15:54:40.559" endtime="20230523 15:54:49.234"/>
</kw>
<kw name="Go To" library="SeleniumLibrary">
<arg>https://trello.com/b/jeOZbhwo/to-do-list</arg>
<doc>Navigates the current browser window to the provided ``url``.</doc>
<msg timestamp="20230523 15:54:49.235" level="INFO">Opening url 'https://trello.com/b/jeOZbhwo/to-do-list'</msg>
<status status="PASS" starttime="20230523 15:54:49.235" endtime="20230523 15:54:51.246"/>
</kw>
<kw name="Wait Until Element Is Visible" library="SeleniumLibrary">
<arg>class:placeholder</arg>
<doc>Waits until the element ``locator`` is visible.</doc>
<status status="PASS" starttime="20230523 15:54:51.247" endtime="20230523 15:54:51.264"/>
</kw>
<kw name="Click Element" library="SeleniumLibrary">
<arg>class:placeholder</arg>
<doc>Click the element identified by ``locator``.</doc>
<msg timestamp="20230523 15:54:51.266" level="INFO">Clicking element 'class:placeholder'.</msg>
<status status="PASS" starttime="20230523 15:54:51.265" endtime="20230523 15:54:51.310"/>
</kw>
<kw name="Input Text" library="SeleniumLibrary">
<arg>class:list-name-input</arg>
<arg>To do</arg>
<doc>Types the given ``text`` into the text field identified by ``locator``.</doc>
<msg timestamp="20230523 15:54:51.311" level="INFO">Typing text 'To do' into text field 'class:list-name-input'.</msg>
<status status="PASS" starttime="20230523 15:54:51.310" endtime="20230523 15:54:51.410"/>
</kw>
<kw name="Click Button" library="SeleniumLibrary">
<arg>class:nch-button</arg>
<doc>Clicks the button identified by ``locator``.</doc>
<msg timestamp="20230523 15:54:51.411" level="INFO">Clicking button 'class:nch-button'.</msg>
<status status="PASS" starttime="20230523 15:54:51.410" endtime="20230523 15:54:51.491"/>
</kw>
<kw name="Input Text" library="SeleniumLibrary">
<arg>class:list-name-input</arg>
<arg>In progress</arg>
<doc>Types the given ``text`` into the text field identified by ``locator``.</doc>
<msg timestamp="20230523 15:54:51.493" level="INFO">Typing text 'In progress' into text field 'class:list-name-input'.</msg>
<status status="PASS" starttime="20230523 15:54:51.492" endtime="20230523 15:54:51.548"/>
</kw>
<kw name="Click Button" library="SeleniumLibrary">
<arg>class:nch-button</arg>
<doc>Clicks the button identified by ``locator``.</doc>
<msg timestamp="20230523 15:54:51.548" level="INFO">Clicking button 'class:nch-button'.</msg>
<status status="PASS" starttime="20230523 15:54:51.548" endtime="20230523 15:54:51.594"/>
</kw>
<kw name="Input Text" library="SeleniumLibrary">
<arg>class:list-name-input</arg>
<arg>Done</arg>
<doc>Types the given ``text`` into the text field identified by ``locator``.</doc>
<msg timestamp="20230523 15:54:51.595" level="INFO">Typing text 'Done' into text field 'class:list-name-input'.</msg>
<status status="PASS" starttime="20230523 15:54:51.594" endtime="20230523 15:54:51.642"/>
</kw>
<kw name="Click Button" library="SeleniumLibrary">
<arg>class:nch-button</arg>
<doc>Clicks the button identified by ``locator``.</doc>
<msg timestamp="20230523 15:54:51.642" level="INFO">Clicking button 'class:nch-button'.</msg>
<status status="PASS" starttime="20230523 15:54:51.642" endtime="20230523 15:54:51.694"/>
</kw>
<status status="PASS" starttime="20230523 15:54:35.176" endtime="20230523 15:54:51.695"/>
</test>
<test id="s1-t6" name="Scenario 06 - Create cards" line="85">
<kw name="Browser Setup" library="keywords">
<kw name="Open Browser" library="SeleniumLibrary">
<arg>https://trello.com/</arg>
<arg>chrome</arg>
<doc>Opens a new browser instance to the optional ``url``.</doc>
<msg timestamp="20230523 15:54:51.696" level="INFO">Opening browser 'chrome' to base url 'https://trello.com/'.</msg>
<msg timestamp="20230523 15:54:51.705" level="INFO">Applicable driver not found; attempting to install with Selenium Manager (Beta)</msg>
<status status="PASS" starttime="20230523 15:54:51.696" endtime="20230523 15:54:53.735"/>
</kw>
<kw name="Maximize Browser Window" library="SeleniumLibrary">
<doc>Maximizes current browser window.</doc>
<status status="PASS" starttime="20230523 15:54:53.735" endtime="20230523 15:54:53.850"/>
</kw>
<status status="PASS" starttime="20230523 15:54:51.696" endtime="20230523 15:54:53.850"/>
</kw>
<kw name="Connexion" library="keywords">
<arg>${email}</arg>
<arg>${password}</arg>
<kw name="Maximize Browser Window" library="SeleniumLibrary">
<doc>Maximizes current browser window.</doc>
<status status="PASS" starttime="20230523 15:54:53.852" endtime="20230523 15:54:53.858"/>
</kw>
<kw name="Click Element" library="SeleniumLibrary">
<arg>data:uuid:MJFtCCgVhXrVl7v9HA7EH_login</arg>
<doc>Click the element identified by ``locator``.</doc>
<msg timestamp="20230523 15:54:53.860" level="INFO">Clicking element 'data:uuid:MJFtCCgVhXrVl7v9HA7EH_login'.</msg>
<status status="PASS" starttime="20230523 15:54:53.859" endtime="20230523 15:54:54.665"/>
</kw>
<kw name="Input Text" library="SeleniumLibrary">
<arg>id:user</arg>
<arg>${email}</arg>
<doc>Types the given ``text`` into the text field identified by ``locator``.</doc>
<msg timestamp="20230523 15:54:54.666" level="INFO">Typing text 'skullyshepard@gmail.com' into text field 'id:user'.</msg>
<status status="PASS" starttime="20230523 15:54:54.665" endtime="20230523 15:54:54.755"/>
</kw>
<kw name="Click Button" library="SeleniumLibrary">
<arg>id:login</arg>
<doc>Clicks the button identified by ``locator``.</doc>
<msg timestamp="20230523 15:54:54.756" level="INFO">Clicking button 'id:login'.</msg>
<status status="PASS" starttime="20230523 15:54:54.755" endtime="20230523 15:54:54.803"/>
</kw>
<kw name="Sleep" library="BuiltIn">
<arg>2</arg>
<doc>Pauses the test executed for the given time.</doc>
<msg timestamp="20230523 15:54:56.806" level="INFO">Slept 2 seconds</msg>
<status status="PASS" starttime="20230523 15:54:54.803" endtime="20230523 15:54:56.807"/>
</kw>
<kw name="Input Password" library="SeleniumLibrary">
<arg>id:password</arg>
<arg>${password}</arg>
<doc>Types the given password into the text field identified by ``locator``.</doc>
<msg timestamp="20230523 15:54:56.807" level="INFO">Typing password into text field 'id:password'.</msg>
<msg timestamp="20230523 15:54:56.838" level="INFO">Temporally setting log level to: NONE</msg>
<msg timestamp="20230523 15:54:56.897" level="INFO">Log level changed from NONE to INFO.</msg>
<status status="PASS" starttime="20230523 15:54:56.807" endtime="20230523 15:54:56.897"/>
</kw>
<kw name="Click Button" library="SeleniumLibrary">
<arg>id:login-submit</arg>
<doc>Clicks the button identified by ``locator``.</doc>
<msg timestamp="20230523 15:54:56.898" level="INFO">Clicking button 'id:login-submit'.</msg>
<status status="PASS" starttime="20230523 15:54:56.897" endtime="20230523 15:54:56.949"/>
</kw>
<kw name="Wait Until Element Is Visible" library="SeleniumLibrary">
<arg>data:testid:header-member-menu-button</arg>
<doc>Waits until the element ``locator`` is visible.</doc>
<status status="PASS" starttime="20230523 15:54:56.949" endtime="20230523 15:55:00.596"/>
</kw>
<kw name="Location Should Be" library="SeleniumLibrary">
<arg>https://trello.com/u/skullyshepard/boards</arg>
<doc>Verifies that the current URL is exactly ``url``.</doc>
<msg timestamp="20230523 15:55:00.602" level="INFO">Current location is 'https://trello.com/u/skullyshepard/boards'.</msg>
<status status="PASS" starttime="20230523 15:55:00.596" endtime="20230523 15:55:00.602"/>
</kw>
<status status="PASS" starttime="20230523 15:54:53.851" endtime="20230523 15:55:00.602"/>
</kw>
<kw name="Go To" library="SeleniumLibrary">
<arg>https://trello.com/b/jeOZbhwo/to-do-list</arg>
<doc>Navigates the current browser window to the provided ``url``.</doc>
<msg timestamp="20230523 15:55:00.603" level="INFO">Opening url 'https://trello.com/b/jeOZbhwo/to-do-list'</msg>
<status status="PASS" starttime="20230523 15:55:00.603" endtime="20230523 15:55:00.973"/>
</kw>
<kw name="Wait Until Element Is Visible" library="SeleniumLibrary">
<arg>class:placeholder</arg>
<doc>Waits until the element ``locator`` is visible.</doc>
<status status="PASS" starttime="20230523 15:55:00.974" endtime="20230523 15:55:01.785"/>
</kw>
<kw name="Click Element" library="SeleniumLibrary">
<arg>class:js-add-a-card</arg>
<doc>Click the element identified by ``locator``.</doc>
<msg timestamp="20230523 15:55:01.786" level="INFO">Clicking element 'class:js-add-a-card'.</msg>
<status status="PASS" starttime="20230523 15:55:01.786" endtime="20230523 15:55:02.025"/>
</kw>
<kw name="Wait Until Element Is Visible" library="SeleniumLibrary">
<arg>class:list-card-composer-textarea</arg>
<doc>Waits until the element ``locator`` is visible.</doc>
<status status="PASS" starttime="20230523 15:55:02.025" endtime="20230523 15:55:02.054"/>
</kw>
<kw name="Input Text" library="SeleniumLibrary">
<arg>class:list-card-composer-textarea</arg>
<arg>First card creation</arg>
<doc>Types the given ``text`` into the text field identified by ``locator``.</doc>
<msg timestamp="20230523 15:55:02.055" level="INFO">Typing text 'First card creation' into text field 'class:list-card-composer-textarea'.</msg>
<status status="PASS" starttime="20230523 15:55:02.055" endtime="20230523 15:55:02.174"/>
</kw>
<kw name="Click Button" library="SeleniumLibrary">
<arg>class:nch-button</arg>
<doc>Clicks the button identified by ``locator``.</doc>
<msg timestamp="20230523 15:55:02.175" level="INFO">Clicking button 'class:nch-button'.</msg>
<status status="PASS" starttime="20230523 15:55:02.175" endtime="20230523 15:55:02.242"/>
</kw>
<kw name="Element Should Be Visible" library="SeleniumLibrary">
<arg>class:list-card-title</arg>
<doc>Verifies that the element identified by ``locator`` is visible.</doc>
<msg timestamp="20230523 15:55:02.273" level="INFO">Element 'class:list-card-title' is displayed.</msg>
<status status="PASS" starttime="20230523 15:55:02.242" endtime="20230523 15:55:02.273"/>
</kw>
<kw name="Wait Until Element Is Visible" library="SeleniumLibrary">
<arg>class:list-card-composer-textarea</arg>
<doc>Waits until the element ``locator`` is visible.</doc>
<status status="PASS" starttime="20230523 15:55:02.273" endtime="20230523 15:55:02.287"/>
</kw>
<kw name="Input Text" library="SeleniumLibrary">
<arg>class:list-card-composer-textarea</arg>
<arg>Second card creation</arg>
<doc>Types the given ``text`` into the text field identified by ``locator``.</doc>
<msg timestamp="20230523 15:55:02.288" level="INFO">Typing text 'Second card creation' into text field 'class:list-card-composer-textarea'.</msg>
<status status="PASS" starttime="20230523 15:55:02.287" endtime="20230523 15:55:02.358"/>
</kw>
<kw name="Click Button" library="SeleniumLibrary">
<arg>class:nch-button</arg>
<doc>Clicks the button identified by ``locator``.</doc>
<msg timestamp="20230523 15:55:02.358" level="INFO">Clicking button 'class:nch-button'.</msg>
<status status="PASS" starttime="20230523 15:55:02.358" endtime="20230523 15:55:02.411"/>
</kw>
<kw name="Element Should Be Visible" library="SeleniumLibrary">
<arg>class:list-card-title</arg>
<doc>Verifies that the element identified by ``locator`` is visible.</doc>
<msg timestamp="20230523 15:55:02.439" level="INFO">Element 'class:list-card-title' is displayed.</msg>
<status status="PASS" starttime="20230523 15:55:02.412" endtime="20230523 15:55:02.439"/>
</kw>
<status status="PASS" starttime="20230523 15:54:51.695" endtime="20230523 15:55:02.439"/>
</test>
<test id="s1-t7" name="Scenario 07 - Editing a card" line="102">
<kw name="Browser Setup" library="keywords">
<kw name="Open Browser" library="SeleniumLibrary">
<arg>https://trello.com/</arg>
<arg>chrome</arg>
<doc>Opens a new browser instance to the optional ``url``.</doc>
<msg timestamp="20230523 15:55:02.442" level="INFO">Opening browser 'chrome' to base url 'https://trello.com/'.</msg>
<msg timestamp="20230523 15:55:02.452" level="INFO">Applicable driver not found; attempting to install with Selenium Manager (Beta)</msg>
<status status="PASS" starttime="20230523 15:55:02.441" endtime="20230523 15:55:04.751"/>
</kw>
<kw name="Maximize Browser Window" library="SeleniumLibrary">
<doc>Maximizes current browser window.</doc>
<status status="PASS" starttime="20230523 15:55:04.752" endtime="20230523 15:55:04.941"/>
</kw>
<status status="PASS" starttime="20230523 15:55:02.441" endtime="20230523 15:55:04.941"/>
</kw>
<kw name="Connexion" library="keywords">
<arg>${email}</arg>
<arg>${password}</arg>
<kw name="Maximize Browser Window" library="SeleniumLibrary">
<doc>Maximizes current browser window.</doc>
<status status="PASS" starttime="20230523 15:55:04.944" endtime="20230523 15:55:04.965"/>
</kw>
<kw name="Click Element" library="SeleniumLibrary">
<arg>data:uuid:MJFtCCgVhXrVl7v9HA7EH_login</arg>
<doc>Click the element identified by ``locator``.</doc>
<msg timestamp="20230523 15:55:04.966" level="INFO">Clicking element 'data:uuid:MJFtCCgVhXrVl7v9HA7EH_login'.</msg>
<status status="PASS" starttime="20230523 15:55:04.965" endtime="20230523 15:55:05.908"/>
</kw>
<kw name="Input Text" library="SeleniumLibrary">
<arg>id:user</arg>
<arg>${email}</arg>
<doc>Types the given ``text`` into the text field identified by ``locator``.</doc>
<msg timestamp="20230523 15:55:05.908" level="INFO">Typing text 'skullyshepard@gmail.com' into text field 'id:user'.</msg>
<status status="PASS" starttime="20230523 15:55:05.908" endtime="20230523 15:55:05.998"/>
</kw>
<kw name="Click Button" library="SeleniumLibrary">
<arg>id:login</arg>
<doc>Clicks the button identified by ``locator``.</doc>
<msg timestamp="20230523 15:55:05.998" level="INFO">Clicking button 'id:login'.</msg>
<status status="PASS" starttime="20230523 15:55:05.998" endtime="20230523 15:55:06.049"/>
</kw>
<kw name="Sleep" library="BuiltIn">
<arg>2</arg>
<doc>Pauses the test executed for the given time.</doc>
<msg timestamp="20230523 15:55:08.059" level="INFO">Slept 2 seconds</msg>
<status status="PASS" starttime="20230523 15:55:06.049" endtime="20230523 15:55:08.059"/>
</kw>
<kw name="Input Password" library="SeleniumLibrary">
<arg>id:password</arg>
<arg>${password}</arg>
<doc>Types the given password into the text field identified by ``locator``.</doc>
<msg timestamp="20230523 15:55:08.059" level="INFO">Typing password into text field 'id:password'.</msg>
<msg timestamp="20230523 15:55:08.184" level="INFO">Temporally setting log level to: NONE</msg>
<msg timestamp="20230523 15:55:08.286" level="INFO">Log level changed from NONE to INFO.</msg>
<status status="PASS" starttime="20230523 15:55:08.059" endtime="20230523 15:55:08.286"/>
</kw>
<kw name="Click Button" library="SeleniumLibrary">
<arg>id:login-submit</arg>
<doc>Clicks the button identified by ``locator``.</doc>
<msg timestamp="20230523 15:55:08.287" level="INFO">Clicking button 'id:login-submit'.</msg>
<status status="PASS" starttime="20230523 15:55:08.286" endtime="20230523 15:55:08.362"/>
</kw>
<kw name="Wait Until Element Is Visible" library="SeleniumLibrary">
<arg>data:testid:header-member-menu-button</arg>
<doc>Waits until the element ``locator`` is visible.</doc>
<msg timestamp="20230523 15:55:13.906" level="INFO" html="true">&lt;/td&gt;&lt;/tr&gt;&lt;tr&gt;&lt;td colspan="3"&gt;&lt;a href="selenium-screenshot-3.png"&gt;&lt;img src="selenium-screenshot-3.png" width="800px"&gt;&lt;/a&gt;</msg>
<msg timestamp="20230523 15:55:13.907" level="FAIL">Element 'data:testid:header-member-menu-button' not visible after 5 seconds.</msg>
<status status="FAIL" starttime="20230523 15:55:08.362" endtime="20230523 15:55:13.908"/>
</kw>
<kw name="Location Should Be" library="SeleniumLibrary">
<arg>https://trello.com/u/skullyshepard/boards</arg>
<doc>Verifies that the current URL is exactly ``url``.</doc>
<status status="NOT RUN" starttime="20230523 15:55:13.909" endtime="20230523 15:55:13.909"/>
</kw>
<status status="FAIL" starttime="20230523 15:55:04.943" endtime="20230523 15:55:13.910"/>
</kw>
<kw name="Go To" library="SeleniumLibrary">
<arg>https://trello.com/b/jeOZbhwo/to-do-list</arg>
<doc>Navigates the current browser window to the provided ``url``.</doc>
<status status="NOT RUN" starttime="20230523 15:55:13.910" endtime="20230523 15:55:13.910"/>
</kw>
<kw name="Wait Until Element Is Visible" library="SeleniumLibrary">
<arg>class:list-card-details</arg>
<doc>Waits until the element ``locator`` is visible.</doc>
<status status="NOT RUN" starttime="20230523 15:55:13.910" endtime="20230523 15:55:13.910"/>
</kw>
<kw name="Click Element" library="SeleniumLibrary">
<arg>class:list-card-details</arg>
<doc>Click the element identified by ``locator``.</doc>
<status status="NOT RUN" starttime="20230523 15:55:13.911" endtime="20230523 15:55:13.911"/>
</kw>
<kw name="Wait Until Element Is Visible" library="SeleniumLibrary">
<arg>class:card-detail-window</arg>
<doc>Waits until the element ``locator`` is visible.</doc>
<status status="NOT RUN" starttime="20230523 15:55:13.911" endtime="20230523 15:55:13.911"/>
</kw>
<kw name="Click Element" library="SeleniumLibrary">
<arg>class:subscribe-detail-button</arg>
<doc>Click the element identified by ``locator``.</doc>
<status status="NOT RUN" starttime="20230523 15:55:13.911" endtime="20230523 15:55:13.911"/>
</kw>
<kw name="Wait Until Element Is Visible" library="SeleniumLibrary">
<arg>id:ak-editor-textarea</arg>
<doc>Waits until the element ``locator`` is visible.</doc>
<status status="NOT RUN" starttime="20230523 15:55:13.911" endtime="20230523 15:55:13.911"/>
</kw>
<kw name="Input Text" library="SeleniumLibrary">
<arg>id:ak-editor-textarea</arg>
<arg>Writing a test for card edition in Trello website</arg>
<doc>Types the given ``text`` into the text field identified by ``locator``.</doc>
<status status="NOT RUN" starttime="20230523 15:55:13.911" endtime="20230523 15:55:13.911"/>
</kw>
<kw name="Element Should Be Visible" library="SeleniumLibrary">
<arg>id:ak-editor-textarea</arg>
<doc>Verifies that the element identified by ``locator`` is visible.</doc>
<status status="NOT RUN" starttime="20230523 15:55:13.912" endtime="20230523 15:55:13.912"/>
</kw>
<kw name="Element Should Contain" library="SeleniumLibrary">
<arg>id:ak-editor-textarea</arg>
<arg>Writing a test for card edition in Trello website</arg>
<doc>Verifies that element ``locator`` contains text ``expected``.</doc>
<status status="NOT RUN" starttime="20230523 15:55:13.912" endtime="20230523 15:55:13.912"/>
</kw>
<kw name="Click Element" library="SeleniumLibrary">
<arg>class:js-change-card-members</arg>
<doc>Click the element identified by ``locator``.</doc>
<status status="NOT RUN" starttime="20230523 15:55:13.912" endtime="20230523 15:55:13.912"/>
</kw>
<kw name="Wait Until Element Is Visible" library="SeleniumLibrary">
<arg>class:pop-over-content</arg>
<doc>Waits until the element ``locator`` is visible.</doc>
<status status="NOT RUN" starttime="20230523 15:55:13.912" endtime="20230523 15:55:13.912"/>
</kw>
<kw name="Click Element" library="SeleniumLibrary">
<arg>css:ul.pop-over-member-list li.item.js-member-item:nth-child(1) a.name.js-select-member</arg>
<doc>Click the element identified by ``locator``.</doc>
<status status="NOT RUN" starttime="20230523 15:55:13.913" endtime="20230523 15:55:13.913"/>
</kw>
<kw name="Click Element" library="SeleniumLibrary">
<arg>css:ul.pop-over-member-list li.item.js-member-item:nth-child(2) a.name.js-select-member</arg>
<doc>Click the element identified by ``locator``.</doc>
<status status="NOT RUN" starttime="20230523 15:55:13.913" endtime="20230523 15:55:13.913"/>
</kw>
<kw name="Element Should Be Visible" library="SeleniumLibrary">
<arg>data:idmem:646b7d2a4b96e4ce9f7606d9</arg>
<doc>Verifies that the element identified by ``locator`` is visible.</doc>
<status status="NOT RUN" starttime="20230523 15:55:13.913" endtime="20230523 15:55:13.913"/>
</kw>
<kw name="Element Should Be Visible" library="SeleniumLibrary">
<arg>data:idmem:646b1cd4347fb3e039504135</arg>
<doc>Verifies that the element identified by ``locator`` is visible.</doc>
<status status="NOT RUN" starttime="20230523 15:55:13.913" endtime="20230523 15:55:13.913"/>
</kw>
<kw name="Sleep" library="BuiltIn">
<arg>2</arg>
<doc>Pauses the test executed for the given time.</doc>
<status status="NOT RUN" starttime="20230523 15:55:13.913" endtime="20230523 15:55:13.913"/>
</kw>
<status status="FAIL" starttime="20230523 15:55:02.440" endtime="20230523 15:55:13.914">Element 'data:testid:header-member-menu-button' not visible after 5 seconds.</status>
</test>
<test id="s1-t8" name="Scenario 08 - Drag and drop a card to another list" line="125">
<kw name="Browser Setup" library="keywords">
<kw name="Open Browser" library="SeleniumLibrary">
<arg>https://trello.com/</arg>
<arg>chrome</arg>
<doc>Opens a new browser instance to the optional ``url``.</doc>
<msg timestamp="20230523 15:55:13.916" level="INFO">Opening browser 'chrome' to base url 'https://trello.com/'.</msg>
<msg timestamp="20230523 15:55:13.926" level="INFO">Applicable driver not found; attempting to install with Selenium Manager (Beta)</msg>
<status status="PASS" starttime="20230523 15:55:13.915" endtime="20230523 15:55:16.442"/>
</kw>
<kw name="Maximize Browser Window" library="SeleniumLibrary">
<doc>Maximizes current browser window.</doc>
<status status="PASS" starttime="20230523 15:55:16.443" endtime="20230523 15:55:16.598"/>
</kw>
<status status="PASS" starttime="20230523 15:55:13.915" endtime="20230523 15:55:16.599"/>
</kw>
<kw name="Connexion" library="keywords">
<arg>${email}</arg>
<arg>${password}</arg>
<kw name="Maximize Browser Window" library="SeleniumLibrary">
<doc>Maximizes current browser window.</doc>
<status status="PASS" starttime="20230523 15:55:16.600" endtime="20230523 15:55:16.609"/>
</kw>
<kw name="Click Element" library="SeleniumLibrary">
<arg>data:uuid:MJFtCCgVhXrVl7v9HA7EH_login</arg>
<doc>Click the element identified by ``locator``.</doc>
<msg timestamp="20230523 15:55:16.610" level="INFO">Clicking element 'data:uuid:MJFtCCgVhXrVl7v9HA7EH_login'.</msg>
<status status="PASS" starttime="20230523 15:55:16.609" endtime="20230523 15:55:18.238"/>
</kw>
<kw name="Input Text" library="SeleniumLibrary">
<arg>id:user</arg>
<arg>${email}</arg>
<doc>Types the given ``text`` into the text field identified by ``locator``.</doc>
<msg timestamp="20230523 15:55:18.239" level="INFO">Typing text 'skullyshepard@gmail.com' into text field 'id:user'.</msg>
<status status="PASS" starttime="20230523 15:55:18.239" endtime="20230523 15:55:18.331"/>
</kw>
<kw name="Click Button" library="SeleniumLibrary">
<arg>id:login</arg>
<doc>Clicks the button identified by ``locator``.</doc>
<msg timestamp="20230523 15:55:18.332" level="INFO">Clicking button 'id:login'.</msg>
<status status="PASS" starttime="20230523 15:55:18.331" endtime="20230523 15:55:18.384"/>
</kw>
<kw name="Sleep" library="BuiltIn">
<arg>2</arg>
<doc>Pauses the test executed for the given time.</doc>
<msg timestamp="20230523 15:55:20.394" level="INFO">Slept 2 seconds</msg>
<status status="PASS" starttime="20230523 15:55:18.384" endtime="20230523 15:55:20.394"/>
</kw>
<kw name="Input Password" library="SeleniumLibrary">
<arg>id:password</arg>
<arg>${password}</arg>
<doc>Types the given password into the text field identified by ``locator``.</doc>
<msg timestamp="20230523 15:55:20.394" level="INFO">Typing password into text field 'id:password'.</msg>
<msg timestamp="20230523 15:55:20.432" level="INFO">Temporally setting log level to: NONE</msg>
<msg timestamp="20230523 15:55:20.491" level="INFO">Log level changed from NONE to INFO.</msg>
<status status="PASS" starttime="20230523 15:55:20.394" endtime="20230523 15:55:20.491"/>
</kw>
<kw name="Click Button" library="SeleniumLibrary">
<arg>id:login-submit</arg>
<doc>Clicks the button identified by ``locator``.</doc>
<msg timestamp="20230523 15:55:20.492" level="INFO">Clicking button 'id:login-submit'.</msg>
<status status="PASS" starttime="20230523 15:55:20.491" endtime="20230523 15:55:20.553"/>
</kw>
<kw name="Wait Until Element Is Visible" library="SeleniumLibrary">
<arg>data:testid:header-member-menu-button</arg>
<doc>Waits until the element ``locator`` is visible.</doc>
<status status="PASS" starttime="20230523 15:55:20.553" endtime="20230523 15:55:25.371"/>
</kw>
<kw name="Location Should Be" library="SeleniumLibrary">
<arg>https://trello.com/u/skullyshepard/boards</arg>
<doc>Verifies that the current URL is exactly ``url``.</doc>
<msg timestamp="20230523 15:55:25.376" level="INFO">Current location is 'https://trello.com/u/skullyshepard/boards'.</msg>
<status status="PASS" starttime="20230523 15:55:25.371" endtime="20230523 15:55:25.376"/>
</kw>
<status status="PASS" starttime="20230523 15:55:16.600" endtime="20230523 15:55:25.376"/>
</kw>
<kw name="Go To" library="SeleniumLibrary">
<arg>https://trello.com/b/jeOZbhwo/to-do-list</arg>
<doc>Navigates the current browser window to the provided ``url``.</doc>
<msg timestamp="20230523 15:55:25.377" level="INFO">Opening url 'https://trello.com/b/jeOZbhwo/to-do-list'</msg>
<status status="PASS" starttime="20230523 15:55:25.377" endtime="20230523 15:55:26.180"/>
</kw>
<kw name="Wait Until Element Is Visible" library="SeleniumLibrary">
<arg>class:list-card-details</arg>
<doc>Waits until the element ``locator`` is visible.</doc>
<status status="PASS" starttime="20230523 15:55:26.180" endtime="20230523 15:55:27.065"/>
</kw>
<kw name="Get WebElement" library="SeleniumLibrary">
<var>${card}</var>
<arg>css:div.list-cards a.list-card:first-child</arg>
<doc>Returns the first WebElement matching the given ``locator``.</doc>
<msg timestamp="20230523 15:55:27.106" level="INFO">${card} = &lt;selenium.webdriver.remote.webelement.WebElement (session="535208fabe2fc26ccb74daae750c2ff9", element="854B9AA8C7BAB43B5A4F69F0A514AC2D_element_39")&gt;</msg>
<status status="PASS" starttime="20230523 15:55:27.065" endtime="20230523 15:55:27.106"/>
</kw>
<kw name="Get WebElement" library="SeleniumLibrary">
<var>${destination_list}</var>
<arg>css:div.js-list.list-wrapper.list-wrapper-with-margins:nth-child(2)</arg>
<doc>Returns the first WebElement matching the given ``locator``.</doc>
<msg timestamp="20230523 15:55:27.125" level="INFO">${destination_list} = &lt;selenium.webdriver.remote.webelement.WebElement (session="535208fabe2fc26ccb74daae750c2ff9", element="854B9AA8C7BAB43B5A4F69F0A514AC2D_element_41")&gt;</msg>
<status status="PASS" starttime="20230523 15:55:27.107" endtime="20230523 15:55:27.125"/>
</kw>
<kw name="Drag And Drop" library="SeleniumLibrary">
<arg>${card}</arg>
<arg>${destination_list}</arg>
<doc>Drags the element identified by ``locator`` into the ``target`` element.</doc>
<status status="PASS" starttime="20230523 15:55:27.126" endtime="20230523 15:55:27.719"/>
</kw>
<kw name="Wait Until Page Contains Element" library="SeleniumLibrary">
<arg>css:div.js-list.list-wrapper.list-wrapper-with-margins:nth-child(2) div.list-cards a.list-card:first-child</arg>
<doc>Waits until the element ``locator`` appears on the current page.</doc>
<status status="PASS" starttime="20230523 15:55:27.720" endtime="20230523 15:55:27.729"/>
</kw>
<kw name="Sleep" library="BuiltIn">
<arg>3</arg>
<doc>Pauses the test executed for the given time.</doc>
<msg timestamp="20230523 15:55:30.731" level="INFO">Slept 3 seconds</msg>
<status status="PASS" starttime="20230523 15:55:27.729" endtime="20230523 15:55:30.731"/>
</kw>
<status status="PASS" starttime="20230523 15:55:13.915" endtime="20230523 15:55:30.732"/>
</test>
<status status="FAIL" starttime="20230523 15:53:45.810" endtime="20230523 15:55:30.733"/>
</suite>
<statistics>
<total>
<stat pass="7" fail="1" skip="0">All Tests</stat>
</total>
<tag>
</tag>
<suite>
<stat pass="7" fail="1" skip="0" id="s1" name="Projet-Trello">Projet-Trello</stat>
</suite>
</statistics>
<errors>
</errors>
</robot>
